[16.950130463] 2019-09-22 17:25:48,182 - INFO - launcher: Starting sanity checks
[16.950130463] 2019-09-22 17:25:48,182 - INFO - launcher: Checking for Python 3.5+
[17.924070358] 2019-09-22 17:25:48,183 - INFO - launcher: Checking console encoding
[17.924070358] 2019-09-22 17:25:48,183 - INFO - launcher: Setting console encoding to UTF-8
[17.924070358] 2019-09-22 17:25:48,183 - INFO - launcher: Ensuring we're in the right environment
[18.945932388] 2019-09-22 17:25:48,184 - INFO - launcher: Adding local bins/ folder to path
[789.381027222] 2019-09-22 17:25:48,954 - INFO - launcher: Required checks passed.
[790.405273438] 2019-09-22 17:25:48,955 - INFO - launcher: Optional checks passed.

######################### PRE-RUN SANITY CHECKS PASSED #########################

[1.4975013732910156] 2019-09-22 17:25:49,662 - WARNING - musicbot.config | In config.py::MainThread(7900), line 278 in find_config: Options file not found, copying example_options.ini
[1.4994957447052002] 2019-09-22 17:25:49,664 - WARNING - musicbot.config | In config.py::MainThread(7900), line 121 in run_checks: i18n file does not exist. Trying to fallback to config/i18n/en.json.
[1.4994957447052002] 2019-09-22 17:25:49,664 - INFO - musicbot.config | In config.py::MainThread(7900), line 132 in run_checks: Using i18n: config/i18n/en.json
[1.4994957447052002] 2019-09-22 17:25:49,664 - WARNING - musicbot.config | In config.py::MainThread(7900), line 230 in create_empty_file_ifnoexist: Creating config/blacklist.txt
[1.5004935264587402] 2019-09-22 17:25:49,665 - WARNING - musicbot.config | In config.py::MainThread(7900), line 230 in create_empty_file_ifnoexist: Creating config/whitelist.txt
[1.5124619007110596] 2019-09-22 17:25:49,677 - DEBUG - musicbot.config | In config.py::MainThread(7900), line 315 in find_autoplaylist: Copying _autoplaylist.txt to autoplaylist.txt
[1.5134589672088623] 2019-09-22 17:25:49,678 - DEBUG - musicbot.bot | In bot.py::MainThread(7900), line 225 in _setup_logging: Set logging level to INFO
[1.5134589672088623] 2019-09-22 17:25:49,678 - INFO - musicbot.permissions | In permissions.py::MainThread(7900), line 62 in __init__: Permissions file not found, copying example_permissions.ini
[1.5184457302093506] 2019-09-22 17:25:49,683 - DEBUG - musicbot.json | In json.py::MainThread(7900), line 8 in __init__: Init JSON obj with config/i18n/en.json
[1.5264236927032471] 2019-09-22 17:25:49,691 - WARNING - musicbot.aliases | In aliases.py::MainThread(7900), line 22 in __init__: Aliases file not found, copying example_aliases.json
[1.5473682880401611] 2019-09-22 17:25:49,712 - INFO - musicbot.bot | In bot.py::MainThread(7900), line 90 in __init__: Starting MusicBot release-260819
[1.5473682880401611] 2019-09-22 17:25:49,712 - INFO - musicbot.bot | In bot.py::MainThread(7900), line 96 in __init__: Loaded autoplaylist with 2531 entries
[4.3269388675689697] 2019-09-22 17:25:52,492 - DEBUG - musicbot.bot | In bot.py::MainThread(7900), line 951 in on_ready: Connection established, ready to go.
[4.3269388675689697] 2019-09-22 17:25:52,492 - DEBUG - musicbot.bot | In bot.py::MainThread(7900), line 342 in _cache_app_info: Caching app info
[4.5714764595031738] 2019-09-22 17:25:52,736 - DEBUG - musicbot.bot | In bot.py::MainThread(7900), line 773 in _scheck_ensure_env: Ensuring data folders exist
[4.5753948688507080] 2019-09-22 17:25:52,740 - DEBUG - musicbot.bot | In bot.py::MainThread(7900), line 789 in _scheck_server_permissions: Checking server permissions
[4.5753948688507080] 2019-09-22 17:25:52,740 - DEBUG - musicbot.bot | In bot.py::MainThread(7900), line 793 in _scheck_autoplaylist: Auditing autoplaylist
[4.5753948688507080] 2019-09-22 17:25:52,740 - DEBUG - musicbot.bot | In bot.py::MainThread(7900), line 797 in _scheck_configs: Validating config
[4.5764214992523193] 2019-09-22 17:25:52,741 - DEBUG - musicbot.config | In config.py::MainThread(7900), line 236 in async_validate: Validating options...
[4.5764214992523193] 2019-09-22 17:25:52,741 - DEBUG - musicbot.config | In config.py::MainThread(7900), line 250 in async_validate: Acquired owner id via API
[4.5764214992523193] 2019-09-22 17:25:52,741 - DEBUG - musicbot.bot | In bot.py::MainThread(7900), line 800 in _scheck_configs: Validating permissions config
[4.5764214992523193] 2019-09-22 17:25:52,741 - DEBUG - musicbot.permissions | In permissions.py::MainThread(7900), line 94 in async_validate: Validating permissions...
[4.5764214992523193] 2019-09-22 17:25:52,741 - DEBUG - musicbot.permissions | In permissions.py::MainThread(7900), line 98 in async_validate: Fixing automatic owner group
[4.5764214992523193] 2019-09-22 17:25:52,741 - INFO - musicbot.bot | In bot.py::MainThread(7900), line 968 in on_ready: Connected: 625361563502510090/J&T Designs#4346
[4.5773897171020508] 2019-09-22 17:25:52,742 - INFO - musicbot.bot | In bot.py::MainThread(7900), line 976 in on_ready: Owner:     312631180811960323/Turner#7403

[4.5783867835998535] 2019-09-22 17:25:52,743 - INFO - musicbot.bot | In bot.py::MainThread(7900), line 979 in on_ready: Guild List:
[4.5783867835998535] 2019-09-22 17:25:52,743 - INFO - musicbot.bot | In bot.py::MainThread(7900), line 983 in on_ready:  - Turner
[4.5793836116790771] 2019-09-22 17:25:52,744 - INFO - musicbot.bot | In bot.py::MainThread(7900), line 1039 in on_ready: Not bound to any text channels
[4.5793836116790771] 2019-09-22 17:25:52,744 - INFO - musicbot.bot | In bot.py::MainThread(7900), line 1065 in on_ready: Not autojoining any voice channels
[4.5803804397583008] 2019-09-22 17:25:52,745 - INFO - musicbot.bot | In bot.py::MainThread(7900), line 272 in _join_startup_channels: Found owner in "General"
[4.5803804397583008] 2019-09-22 17:25:52,745 - INFO - musicbot.bot | In bot.py::MainThread(7900), line 281 in _join_startup_channels: Attempting to join Turner/General
[5.2091336250305176] 2019-09-22 17:25:53,374 - INFO - musicbot.bot | In bot.py::MainThread(7900), line 297 in _join_startup_channels: Joined Turner/General
[5.2091336250305176] 2019-09-22 17:25:53,374 - DEBUG - musicbot.bot | In bot.py::MainThread(7900), line 536 in on_player_finished_playing: Running on_player_finished_playing
[5.2091336250305176] 2019-09-22 17:25:53,374 - DEBUG - musicbot.bot | In bot.py::MainThread(7900), line 559 in on_player_finished_playing: No content in current autoplaylist. Filling with new music...
[5.2240707874298096] 2019-09-22 17:25:53,389 - DEBUG - musicbot.bot | In bot.py::MainThread(7900), line 532 in on_player_stop: Running on_player_stop
[8.1735758781433105] 2019-09-22 17:25:56,338 - DEBUG - musicbot.entry | In entry.py::MainThread(7900), line 56 in get_ready_future: Created future for None
[8.1735758781433105] 2019-09-22 17:25:56,338 - DEBUG - musicbot.bot | In bot.py::MainThread(7900), line 624 in on_player_entry_added: Running on_player_entry_added
[8.1745738983154297] 2019-09-22 17:25:56,339 - INFO - musicbot.entry | In entry.py::MainThread(7900), line 292 in _really_download: Download started: https://youtube.com/watch?v=omowNsoplUM
[9.8666644096374512] 2019-09-22 17:25:58,031 - INFO - musicbot.entry | In entry.py::MainThread(7900), line 302 in _really_download: Download complete: https://youtube.com/watch?v=omowNsoplUM
[10.1661005020141602] 2019-09-22 17:25:58,331 - DEBUG - musicbot.entry | In entry.py::MainThread(7900), line 56 in get_ready_future: Created future for audio_cache\youtube-omowNsoplUM-Forgot_about_Feeling_good_Dr._Dre_feat._Eminem_Vs._the_Gorillaz.webm
[10.1661005020141602] 2019-09-22 17:25:58,331 - FFMPEG - musicbot.player | In player.py::MainThread(7900), line 293 in _play: Creating player with options: -nostdin -vn audio_cache\youtube-omowNsoplUM-Forgot_about_Feeling_good_Dr._Dre_feat._Eminem_Vs._the_Gorillaz.webm
[10.5921981334686279] 2019-09-22 17:25:58,757 - DEBUG - musicbot.player | In player.py::MainThread(7900), line 306 in _play: Playing <musicbot.player.SourcePlaybackCounter object at 0x03EB3A10> using <discord.voice_client.VoiceClient object at 0x050F5410>
[10.5931499004364014] 2019-09-22 17:25:58,758 - DEBUG - musicbot.bot | In bot.py::MainThread(7900), line 460 in on_player_play: Running on_player_play
[10.5941572189331055] 2019-09-22 17:25:58,759 - DEBUG - musicbot.bot | In bot.py::MainThread(7900), line 709 in serialize_queue: Serializing queue for 602172769253457961
[10.5971386432647705] 2019-09-22 17:25:58,762 - DEBUG - musicbot.bot | In bot.py::MainThread(7900), line 514 in on_player_play: no channel to put now playing message into
[15.8034512996673584] 2019-09-22 17:26:03,968 - INFO - musicbot.bot | In bot.py::MainThread(7900), line 2968 in on_voice_state_update: Pausing in Turner/General (empty channel or member deafened)
[15.8034512996673584] 2019-09-22 17:26:03,968 - DEBUG - musicbot.bot | In bot.py::MainThread(7900), line 527 in on_player_pause: Running on_player_pause
[24.7149605751037598] 2019-09-22 17:26:12,880 - INFO - musicbot.bot | In bot.py::MainThread(7900), line 2946 in on_voice_state_update: Unpausing in Turner/General (member undeafen)
[24.7179324626922607] 2019-09-22 17:26:12,883 - DEBUG - musicbot.bot | In bot.py::MainThread(7900), line 523 in on_player_resume: Running on_player_resume
[76.7805702686309814] 2019-09-22 17:27:04,945 - INFO - musicbot.bot | In bot.py::MainThread(7900), line 2706 in on_message: 312631180811960323/Turner#7403: !play avicii
[78.9300715923309326] 2019-09-22 17:27:07,095 - DEBUG - musicbot.bot | In bot.py::MainThread(7900), line 1408 in cmd_play: {'_type': 'url', 'url': 'ytsearch:avicii', 'ie_key': None, 'extractor': 'generic', 'webpage_url': 'avicii', 'webpage_url_basename': 'avicii', 'extractor_key': 'Generic'}
[82.7431552410125732] 2019-09-22 17:27:10,908 - DEBUG - musicbot.entry | In entry.py::MainThread(7900), line 56 in get_ready_future: Created future for None
[82.7441523075103760] 2019-09-22 17:27:10,909 - DEBUG - musicbot.bot | In bot.py::MainThread(7900), line 624 in on_player_entry_added: Running on_player_entry_added
[82.7441523075103760] 2019-09-22 17:27:10,909 - DEBUG - musicbot.bot | In bot.py::MainThread(7900), line 709 in serialize_queue: Serializing queue for 602172769253457961
[82.7471187114715576] 2019-09-22 17:27:10,912 - INFO - musicbot.entry | In entry.py::MainThread(7900), line 292 in _really_download: Download started: https://www.youtube.com/watch?v=_ovdm2yX4MA
[84.3011858463287354] 2019-09-22 17:27:12,466 - INFO - musicbot.entry | In entry.py::MainThread(7900), line 302 in _really_download: Download complete: https://www.youtube.com/watch?v=_ovdm2yX4MA
[89.2081742286682129] 2019-09-22 17:27:17,373 - INFO - musicbot.bot | In bot.py::MainThread(7900), line 2706 in on_message: 312631180811960323/Turner#7403: !skip
[89.3585951328277588] 2019-09-22 17:27:17,523 - DEBUG - musicbot.bot | In bot.py::MainThread(7900), line 536 in on_player_finished_playing: Running on_player_finished_playing
[89.3595690727233887] 2019-09-22 17:27:17,524 - DEBUG - musicbot.bot | In bot.py::MainThread(7900), line 709 in serialize_queue: Serializing queue for 602172769253457961
[89.3635821342468262] 2019-09-22 17:27:17,528 - DEBUG - musicbot.entry | In entry.py::MainThread(7900), line 56 in get_ready_future: Created future for audio_cache\youtube-_ovdm2yX4MA-Avicii_-_Levels.webm
[89.3635821342468262] 2019-09-22 17:27:17,528 - FFMPEG - musicbot.player | In player.py::MainThread(7900), line 293 in _play: Creating player with options: -nostdin -vn audio_cache\youtube-_ovdm2yX4MA-Avicii_-_Levels.webm
[89.3665881156921387] 2019-09-22 17:27:17,531 - DEBUG - musicbot.player | In player.py::MainThread(7900), line 306 in _play: Playing <musicbot.player.SourcePlaybackCounter object at 0x06970D50> using <discord.voice_client.VoiceClient object at 0x050F5410>
[89.3675477504730225] 2019-09-22 17:27:17,532 - DEBUG - musicbot.bot | In bot.py::MainThread(7900), line 460 in on_player_play: Running on_player_play
[89.3675477504730225] 2019-09-22 17:27:17,532 - DEBUG - musicbot.bot | In bot.py::MainThread(7900), line 709 in serialize_queue: Serializing queue for 602172769253457961
[95.8007514476776123] 2019-09-22 17:27:23,965 - INFO - musicbot.bot | In bot.py::MainThread(7900), line 2706 in on_message: 312631180811960323/Turner#7403: !pause
[95.8026554584503174] 2019-09-22 17:27:23,967 - DEBUG - musicbot.bot | In bot.py::MainThread(7900), line 527 in on_player_pause: Running on_player_pause
